{"service":"main","node_id":"RD9zV2E","log_level":"notice","log_time":"23/07/04 11:29:18.402","caller":"internal/application/scheduler.go:82","message":"trace server listen on::7788"}
{"service":"main","node_id":"RD9zV2E","log_level":"notice","log_time":"23/07/04 11:31:37.838","caller":"internal/application/scheduler.go:95","message":"application receive signal(interrupt), will graceful stop"}
{"service":"main","node_id":"EiEqh5g","log_level":"notice","log_time":"23/07/04 11:31:59.005","caller":"internal/application/scheduler.go:82","message":"trace server listen on::7788"}
{"service":"main","node_id":"EiEqh5g","log_level":"notice","log_time":"23/07/04 11:35:36.043","caller":"internal/application/scheduler.go:95","message":"application receive signal(interrupt), will graceful stop"}
{"service":"main","node_id":"dWyRhBB","log_level":"notice","log_time":"23/07/04 12:03:43.811","caller":"internal/application/scheduler.go:82","message":"trace server listen on::7788"}
{"service":"main","node_id":"dWyRhBB","log_level":"notice","log_time":"23/07/04 12:05:04.105","caller":"internal/application/scheduler.go:95","message":"application receive signal(interrupt), will graceful stop"}
{"service":"main","node_id":"2hWt3JZ","log_level":"notice","log_time":"23/07/04 12:23:57.820","caller":"internal/application/app.go:116","message":"app user server gm管理系统服务器 will listen on :"}
{"service":"main","node_id":"2hWt3JZ","log_level":"notice","log_time":"23/07/04 12:23:57.820","caller":"internal/application/app.go:116","message":"app gmtool server gm管理系统服务器 will listen on :"}
{"service":"main","node_id":"2hWt3JZ","log_level":"notice","log_time":"23/07/04 12:23:57.820","caller":"internal/application/scheduler.go:82","message":"trace server listen on::7788"}
{"service":"main","node_id":"2hWt3JZ","log_level":"notice","log_time":"23/07/04 12:27:30.401","caller":"internal/application/scheduler.go:95","message":"application receive signal(interrupt), will graceful stop"}
{"service":"main","node_id":"HSVnrZG","log_level":"notice","log_time":"23/07/04 12:27:31.798","caller":"internal/application/app.go:116","message":"app user server gm管理系统服务器 will listen on :"}
{"service":"main","node_id":"HSVnrZG","log_level":"notice","log_time":"23/07/04 12:27:31.799","caller":"internal/application/scheduler.go:82","message":"trace server listen on::7788"}
{"service":"main","node_id":"HSVnrZG","log_level":"notice","log_time":"23/07/04 12:27:31.799","caller":"internal/application/app.go:116","message":"app gmtool server gm管理系统服务器 will listen on :"}
{"service":"main","node_id":"HSVnrZG","log_level":"notice","log_time":"23/07/04 12:30:13.634","caller":"internal/application/scheduler.go:95","message":"application receive signal(interrupt), will graceful stop"}
{"service":"main","node_id":"6Dl6YMz","log_level":"notice","log_time":"23/07/04 12:30:15.275","caller":"internal/application/app.go:116","message":"app user server gm管理系统服务器 will listen on :"}
{"service":"main","node_id":"6Dl6YMz","log_level":"notice","log_time":"23/07/04 12:30:15.275","caller":"internal/application/scheduler.go:82","message":"trace server listen on::7788"}
{"service":"main","node_id":"6Dl6YMz","log_level":"notice","log_time":"23/07/04 12:30:15.275","caller":"internal/application/app.go:116","message":"app gmtool server gm管理系统服务器 will listen on :"}
{"service":"main","node_id":"6Dl6YMz","log_level":"notice","log_time":"23/07/04 13:36:46.124","caller":"internal/application/scheduler.go:95","message":"application receive signal(interrupt), will graceful stop"}
{"service":"main","node_id":"wYVAzbO","log_level":"notice","log_time":"23/07/04 15:29:17.167","caller":"internal/application/app.go:116","message":"app user server gm管理系统服务器 will listen on :"}
{"service":"main","node_id":"wYVAzbO","log_level":"notice","log_time":"23/07/04 15:29:17.167","caller":"internal/application/app.go:116","message":"app gmtool server gm管理系统服务器 will listen on :"}
{"service":"main","node_id":"wYVAzbO","log_level":"notice","log_time":"23/07/04 15:29:17.167","caller":"internal/application/scheduler.go:82","message":"trace server listen on::7788"}
{"service":"main","node_id":"wYVAzbO","log_level":"notice","log_time":"23/07/04 15:29:17.905","caller":"internal/application/scheduler.go:95","message":"application receive signal(interrupt), will graceful stop"}
{"service":"main","node_id":"hQPgMK3","log_level":"notice","log_time":"23/07/04 15:29:30.911","caller":"internal/application/app.go:116","message":"app user server gm管理系统服务器 will listen on :"}
{"service":"main","node_id":"hQPgMK3","log_level":"notice","log_time":"23/07/04 15:29:30.911","caller":"internal/application/scheduler.go:82","message":"trace server listen on::7788"}
{"service":"main","node_id":"hQPgMK3","log_level":"notice","log_time":"23/07/04 15:29:30.911","caller":"internal/application/app.go:116","message":"app gmtool server gm管理系统服务器 will listen on :"}
